I, [2016-03-27T21:21:42.885987 #3934]  INFO -- : listening on addr=/tmp/unicorn.sock fd=10
I, [2016-03-27T21:21:42.886475 #3934]  INFO -- : worker=0 spawning...
I, [2016-03-27T21:21:42.887603 #3934]  INFO -- : worker=1 spawning...
I, [2016-03-27T21:21:42.888830 #3934]  INFO -- : master process ready
I, [2016-03-27T21:21:42.889697 #3935]  INFO -- : worker=0 spawned pid=3935
I, [2016-03-27T21:21:42.890535 #3935]  INFO -- : Refreshing Gem list
I, [2016-03-27T21:21:42.890883 #3936]  INFO -- : worker=1 spawned pid=3936
I, [2016-03-27T21:21:42.891686 #3936]  INFO -- : Refreshing Gem list
I, [2016-03-27T21:21:44.829718 #3935]  INFO -- : worker=0 ready
I, [2016-03-27T21:21:44.847007 #3936]  INFO -- : worker=1 ready
I, [2016-03-27T21:27:48.296717 #3934]  INFO -- : reaped #<Process::Status: pid 3936 exit 0> worker=1
I, [2016-03-27T21:27:48.297010 #3934]  INFO -- : reaped #<Process::Status: pid 3935 exit 0> worker=0
I, [2016-03-27T21:27:48.297384 #3934]  INFO -- : master complete
I, [2016-03-27T22:42:00.396525 #4064]  INFO -- : listening on addr=/tmp/unicorn.sock fd=10
I, [2016-03-27T22:42:00.396932 #4064]  INFO -- : worker=0 spawning...
I, [2016-03-27T22:42:00.398012 #4064]  INFO -- : worker=1 spawning...
I, [2016-03-27T22:42:00.399158 #4064]  INFO -- : master process ready
I, [2016-03-27T22:42:00.400165 #4065]  INFO -- : worker=0 spawned pid=4065
I, [2016-03-27T22:42:00.401072 #4065]  INFO -- : Refreshing Gem list
I, [2016-03-27T22:42:00.401041 #4066]  INFO -- : worker=1 spawned pid=4066
I, [2016-03-27T22:42:00.401934 #4066]  INFO -- : Refreshing Gem list
I, [2016-03-27T22:42:02.230723 #4066]  INFO -- : worker=1 ready
I, [2016-03-27T22:42:02.254152 #4065]  INFO -- : worker=0 ready
        SECURITY WARNING: No secret option provided to Rack::Session::Cookie.
        This poses a security threat. It is strongly recommended that you
        provide a secret to prevent exploits that may be possible from crafted
        cookies. This will not be supported in future versions of Rack, and
        future versions will even invalidate your existing user cookies.

        Called from: /Users/mxyue/.rvm/gems/ruby-2.2.3@rails_4/gems/rack-1.6.4/lib/rack/builder.rb:86:in `new'.
127.0.0.1 - - [27/Mar/2016:22:53:29 +0800] "GET / HTTP/1.0" 200 1445 0.2140
        SECURITY WARNING: No secret option provided to Rack::Session::Cookie.
        This poses a security threat. It is strongly recommended that you
        provide a secret to prevent exploits that may be possible from crafted
        cookies. This will not be supported in future versions of Rack, and
        future versions will even invalidate your existing user cookies.

        Called from: /Users/mxyue/.rvm/gems/ruby-2.2.3@rails_4/gems/rack-1.6.4/lib/rack/builder.rb:86:in `new'.
127.0.0.1 - - [27/Mar/2016:22:53:29 +0800] "GET /favicon.ico HTTP/1.0" 404 473 0.0662
127.0.0.1 - - [27/Mar/2016:22:53:36 +0800] "GET /posts/new HTTP/1.0" 200 1707 0.0054
127.0.0.1 - - [27/Mar/2016:22:53:47 +0800] "POST /posts HTTP/1.0" 302 - 0.0290
127.0.0.1 - - [27/Mar/2016:22:53:47 +0800] "GET /posts/3 HTTP/1.0" 200 1245 0.0165
